<?xml version="1.0" encoding="UTF-8"?>
<testng-results skipped="0" failed="0" ignored="0" total="3" passed="3">
  <reporter-output>
  </reporter-output>
  <suite name="Suite" duration-ms="10760" started-at="2022-10-07T18:02:00Z" finished-at="2022-10-07T18:02:11Z">
    <groups>
    </groups>
    <test name="Test" duration-ms="10760" started-at="2022-10-07T18:02:00Z" finished-at="2022-10-07T18:02:11Z">
      <class name="com.seleniumall.A">
        <test-method status="PASS" signature="main(java.lang.String)[pri:0, instance:com.seleniumall.A@204f30ec]" name="main" duration-ms="8403" started-at="2022-10-07T18:02:00Z" finished-at="2022-10-07T18:02:08Z">
          <params>
            <param index="0">
              <value>
                <![CDATA[https://www.w3schools.com/]]>
              </value>
            </param>
          </params>
          <reporter-output>
          </reporter-output>
        </test-method> <!-- main -->
        <test-method status="PASS" signature="main(java.lang.String)[pri:0, instance:com.seleniumall.A@204f30ec]" name="main" duration-ms="7035" started-at="2022-10-07T18:02:00Z" finished-at="2022-10-07T18:02:07Z">
          <params>
            <param index="0">
              <value>
                <![CDATA[https://www.w3schools.com/]]>
              </value>
            </param>
          </params>
          <reporter-output>
          </reporter-output>
        </test-method> <!-- main -->
        <test-method status="PASS" signature="main(java.lang.String)[pri:0, instance:com.seleniumall.A@204f30ec]" name="main" duration-ms="3655" started-at="2022-10-07T18:02:07Z" finished-at="2022-10-07T18:02:11Z">
          <params>
            <param index="0">
              <value>
                <![CDATA[https://www.w3schools.com/]]>
              </value>
            </param>
          </params>
          <reporter-output>
          </reporter-output>
        </test-method> <!-- main -->
      </class> <!-- com.seleniumall.A -->
    </test> <!-- Test -->
  </suite> <!-- Suite -->
</testng-results>
